<?xml version="1.0" encoding="UTF-8"?>
<testsuite name="jp.ac.uryukyu.ie.e235741.AppTest" tests="1" skipped="0" failures="0" errors="0" timestamp="2023-11-27T05:51:19" hostname="aragakiyuitonoMacBook-Air.local" time="0.001">
  <properties/>
  <testcase name="appHasAGreeting()" classname="jp.ac.uryukyu.ie.e235741.AppTest" time="0.001"/>
  <system-out><![CDATA[]]></system-out>
  <system-err><![CDATA[]]></system-err>
</testsuite>
